<?xml version="1.0" encoding="UTF-8"?>
<testsuite xmlns:xsi="http://www.w3.org/2001/XMLSchema-instance" xsi:noNamespaceSchemaLocation="https://maven.apache.org/surefire/maven-surefire-plugin/xsd/surefire-test-report-3.0.xsd" version="3.0" name="com.distribuidos.test.TransacaoResponseTest" time="0.148" tests="1" errors="0" skipped="0" failures="0">
  <properties>
[...]
</properties>
  <testcase name="buildTransacoesResponse_includes_sender_and_receiver_names" classname="com.distribuidos.test.TransacaoResponseTest" time="0.136"/>
</testsuite>